Initializing...
Done initializing
Opening Test Page "file:///home/cschmidt/projects/esapi-js-tmp/src/test/javascript/testCore.html"
Running test "testNamespace"
Running test "testESAPIInstance"
Running test "testStringEndswith"
Running test "testEncoderEncodeForBase64"
Running test "testHtmlEntityEncode"
Running test "testHtmlEntityDecode"
Running test "testEncoderCananocolize"
Running test "testEncoderCananocolizeWithMultipleEncodings"
Running test "testEncoderNormalize"
Running test "testEncoderEncodeForHTML"
Running test "testEncoderEncoderFormHTMLAttribute"
Running test "testEncoderEncodeForCSS"
Running test "testEncoderEncodeForJavascript"
Running test "testEncoderEncodeForURL"
Running test "testGetElementById"
Running test "testArrayEach"
Running test "testArrayContains"
Running test "testPushbackString"
Running test "testPreparedString"
Running test "testJavascriptCodecEncode"
Running test "testJavascriptCodecDecode"
Running test "testCSSCodecEncode"
Running test "testCSSCodecDecode"
Running test "testPercentCodecEncode"
Running test "testPercentCodecDecode"
Running test "testStringCharCodeAt"
Running test "testLoggingWithDefaultConfig"
Running test "testLocale"
Running test "testDefaultLocale"
Running test "testDefaultResourceBundle"
Running test "testCustomResourceBundle"
Running test "testCreditCardValidationRule"
Done (1.447 seconds)