Cleaning up Distribution DirectoryBuilding Uncompressed File: dist/esapi.js
- Reading src/main/javascript/core.js
- Reading src/main/javascript/org/owasp/esapi/Encoder.js
- Reading src/main/javascript/org/owasp/esapi/EncoderConstants.js
- Reading src/main/javascript/org/owasp/esapi/EnterpriseSecurityException.js
- Reading src/main/javascript/org/owasp/esapi/HTTPUtilities.js
- Reading src/main/javascript/org/owasp/esapi/IntrusionException.js
- Reading src/main/javascript/org/owasp/esapi/LogFactory.js
- Reading src/main/javascript/org/owasp/esapi/Logger.js
- Reading src/main/javascript/org/owasp/esapi/PreparedString.js
- Reading src/main/javascript/org/owasp/esapi/ValidationErrorList.js
- Reading src/main/javascript/org/owasp/esapi/ValidationRule.js
- Reading src/main/javascript/org/owasp/esapi/Validator.js
- Reading src/main/javascript/org/owasp/esapi/codecs/Base64.js
- Reading src/main/javascript/org/owasp/esapi/codecs/CSSCodec.js
- Reading src/main/javascript/org/owasp/esapi/codecs/Codec.js
- Reading src/main/javascript/org/owasp/esapi/codecs/HTMLEntityCodec.js
- Reading src/main/javascript/org/owasp/esapi/codecs/JavascriptCodec.js
- Reading src/main/javascript/org/owasp/esapi/codecs/PercentCodec.js
- Reading src/main/javascript/org/owasp/esapi/codecs/PushbackString.js
- Reading src/main/javascript/org/owasp/esapi/codecs/UTF8.js
- Reading src/main/javascript/org/owasp/esapi/i18n/ArrayResourceBundle.js
- Reading src/main/javascript/org/owasp/esapi/i18n/Locale.js
- Reading src/main/javascript/org/owasp/esapi/i18n/ObjectResourceBundle.js
- Reading src/main/javascript/org/owasp/esapi/i18n/ResourceBundle.js
- Reading src/main/javascript/org/owasp/esapi/net/Cookie.js
- Reading src/main/javascript/org/owasp/esapi/reference/encoding/DefaultEncoder.js
- Reading src/main/javascript/org/owasp/esapi/reference/logging/Log4JSLogFactory.js
- Reading src/main/javascript/org/owasp/esapi/reference/validation/BaseValidationRule.js
- Reading src/main/javascript/org/owasp/esapi/reference/validation/CreditCardValidationRule.js
- Reading src/main/javascript/org/owasp/esapi/reference/validation/DateValidationRule.js
- Reading src/main/javascript/org/owasp/esapi/reference/validation/DefaultValidator.js
- Reading src/main/javascript/org/owasp/esapi/reference/validation/IntegerValidationRule.js
- Reading src/main/javascript/org/owasp/esapi/reference/validation/NumberValidationRule.js
- Reading src/main/javascript/org/owasp/esapi/reference/validation/StringValidationRule.js
- Reading src/main/javascript/org/owasp/esapi/reference/validation/ValidationException.js
Finished building dist/esapi.js (112526 bytes): Took 0.0149080753326s

Building Compressed File: dist/esapi-compressed.js
Finished building dist/esapi-compressed.js (52325 bytes): Took 1.20039391518s

Copying Resources to dist/resources/
- src/main/resources/Base.esapi.properties.js (2546 bytes) => dist/resources/Base.esapi.properties.js	[OK]
- src/main/resources/i18n/ESAPI_Standard_en_US.properties.js (4769 bytes) => dist/resources/i18n/ESAPI_Standard_en_US.properties.js	[OK]

Copying Documentation to dist/docs/
- documentation/CHANGELOG (1596 bytes) => dist/docs/CHANGELOG	[OK]
- documentation/README (2773 bytes) => dist/docs/README	[OK]

Copying Libraries to dist/lib/
- lib/log4js-lib.js (34303 bytes) => dist/lib/log4js-lib.js	[OK]
- lib/log4js.js (68555 bytes) => dist/lib/log4js.js	[OK]

Copying Build Files and LICENSE

Cleaning Up

Build complete took 1.2509329319s

